<?xml version="1.0" encoding="UTF-8"?>
<!-- Generated by org.testng.reporters.JUnitXMLReporter -->
<testsuite ignored="0" hostname="LAPTOP-EEAS1CV9" failures="0" tests="3" name="Test" time="50.724" errors="0" timestamp="23 Jan 2024 09:38:55 GMT">
  <testcase classname="com.ShopperstackAutomationFramwork.testScripts.ValidLogin" name="validLogin" time="8.383"/>
  <testcase classname="com.ShopperstackAutomationFramwork.testScripts.InvalidLogin" name="InvalidLoginInShopperstack" time="18.198"/>
  <testcase classname="com.ShopperstackAutomationFramwork.testScripts.AddToCart" name="addToCartIntoShopperstack" time="10.357"/>
</testsuite> <!-- Test -->
