<?xml version="1.0" encoding="UTF-8"?>
<testng-results ignored="0" total="3" passed="3" failed="0" skipped="0">
  <reporter-output>
  </reporter-output>
  <suite started-at="2024-01-23T09:38:04Z" name="Suite" finished-at="2024-01-23T09:38:55Z" duration-ms="50724">
    <groups>
    </groups>
    <test started-at="2024-01-23T09:38:04Z" name="Test" finished-at="2024-01-23T09:38:55Z" duration-ms="50724">
      <class name="com.ShopperstackAutomationFramwork.testScripts.InvalidLogin">
        <test-method is-config="true" signature="setUp()[pri:0, instance:com.ShopperstackAutomationFramwork.testScripts.InvalidLogin@3403e2ac]" started-at="2024-01-23T09:38:17Z" name="setUp" finished-at="2024-01-23T09:38:22Z" duration-ms="4245" status="PASS">
          <reporter-output>
          </reporter-output>
        </test-method> <!-- setUp -->
        <test-method signature="InvalidLoginInShopperstack()[pri:0, instance:com.ShopperstackAutomationFramwork.testScripts.InvalidLogin@3403e2ac]" started-at="2024-01-23T09:38:22Z" name="InvalidLoginInShopperstack" finished-at="2024-01-23T09:38:40Z" duration-ms="18198" status="PASS">
          <reporter-output>
          </reporter-output>
        </test-method> <!-- InvalidLoginInShopperstack -->
        <test-method is-config="true" signature="tearDown()[pri:0, instance:com.ShopperstackAutomationFramwork.testScripts.InvalidLogin@3403e2ac]" started-at="2024-01-23T09:38:40Z" name="tearDown" finished-at="2024-01-23T09:38:40Z" duration-ms="408" status="PASS">
          <reporter-output>
          </reporter-output>
        </test-method> <!-- tearDown -->
      </class> <!-- com.ShopperstackAutomationFramwork.testScripts.InvalidLogin -->
      <class name="com.ShopperstackAutomationFramwork.testScripts.ValidLogin">
        <test-method is-config="true" signature="setUp()[pri:0, instance:com.ShopperstackAutomationFramwork.testScripts.ValidLogin@6d167f58]" started-at="2024-01-23T09:38:04Z" name="setUp" finished-at="2024-01-23T09:38:08Z" duration-ms="4328" status="PASS">
          <reporter-output>
          </reporter-output>
        </test-method> <!-- setUp -->
        <test-method signature="validLogin()[pri:0, instance:com.ShopperstackAutomationFramwork.testScripts.ValidLogin@6d167f58]" started-at="2024-01-23T09:38:08Z" name="validLogin" finished-at="2024-01-23T09:38:17Z" duration-ms="8383" status="PASS">
          <reporter-output>
          </reporter-output>
        </test-method> <!-- validLogin -->
        <test-method is-config="true" signature="tearDown()[pri:0, instance:com.ShopperstackAutomationFramwork.testScripts.ValidLogin@6d167f58]" started-at="2024-01-23T09:38:17Z" name="tearDown" finished-at="2024-01-23T09:38:17Z" duration-ms="409" status="PASS">
          <reporter-output>
          </reporter-output>
        </test-method> <!-- tearDown -->
      </class> <!-- com.ShopperstackAutomationFramwork.testScripts.ValidLogin -->
      <class name="com.ShopperstackAutomationFramwork.testScripts.AddToCart">
        <test-method is-config="true" signature="setUp()[pri:0, instance:com.ShopperstackAutomationFramwork.testScripts.AddToCart@65b104b9]" started-at="2024-01-23T09:38:40Z" name="setUp" finished-at="2024-01-23T09:38:44Z" duration-ms="3928" status="PASS">
          <reporter-output>
          </reporter-output>
        </test-method> <!-- setUp -->
        <test-method signature="addToCartIntoShopperstack()[pri:0, instance:com.ShopperstackAutomationFramwork.testScripts.AddToCart@65b104b9]" started-at="2024-01-23T09:38:44Z" name="addToCartIntoShopperstack" finished-at="2024-01-23T09:38:54Z" duration-ms="10357" status="PASS">
          <reporter-output>
          </reporter-output>
        </test-method> <!-- addToCartIntoShopperstack -->
        <test-method is-config="true" signature="tearDown()[pri:0, instance:com.ShopperstackAutomationFramwork.testScripts.AddToCart@65b104b9]" started-at="2024-01-23T09:38:54Z" name="tearDown" finished-at="2024-01-23T09:38:55Z" duration-ms="395" status="PASS">
          <reporter-output>
          </reporter-output>
        </test-method> <!-- tearDown -->
      </class> <!-- com.ShopperstackAutomationFramwork.testScripts.AddToCart -->
    </test> <!-- Test -->
  </suite> <!-- Suite -->
</testng-results>
